<?xml version="1.0" encoding="UTF-8"?>
<!-- Generated by org.testng.reporters.JUnitReportReporter -->
<testsuite hostname="Souparnika" failures="0" tests="1" name="pages.InvalidLogin" time="7.291" errors="0" timestamp="2021-12-23T20:27:30 CST" skipped="0">
  <testcase classname="pages.InvalidLogin" name="testInvalidLogin" time="7.291"/>
  <system-out/>
</testsuite> <!-- pages.InvalidLogin -->
