<?xml version="1.0" encoding="UTF-8"?>
<!-- Generated by org.testng.reporters.JUnitReportReporter -->
<testsuite hostname="Souparnika" failures="0" tests="1" name="scripts.Demo" time="7.887" errors="0" timestamp="2021-12-22T22:06:14 CST" skipped="0">
  <testcase classname="scripts.Demo" name="testA" time="7.887"/>
  <system-out>
    <![CDATA[XL Data:admin
Demo test]]>
  </system-out>
</testsuite> <!-- scripts.Demo -->
