<?xml version="1.0" encoding="UTF-8"?>
<!-- Generated by org.testng.reporters.JUnitReportReporter -->
<testsuite hostname="Souparnika" failures="0" tests="1" name="scripts.ValidLogin" time="8.316" errors="0" timestamp="2021-12-22T22:08:13 CST" skipped="0">
  <testcase classname="scripts.ValidLogin" name="testValidLogin" time="8.316"/>
  <system-out/>
</testsuite> <!-- scripts.ValidLogin -->
